<?xml version="1.0" encoding="UTF-8"?>
<!-- Generated by org.testng.reporters.JUnitReportReporter -->
<testsuite hostname="YCSLAP0910" failures="0" tests="1" name="orange_hrm.MainClass" time="32.942" errors="0" timestamp="2024-03-12T14:29:35 IST" skipped="0">
  <testcase classname="orange_hrm.MainClass" name="verify_login" time="32.942"/>
</testsuite> <!-- orange_hrm.MainClass -->
