<?xml version="1.0" encoding="UTF-8"?>
<!-- Generated by org.testng.reporters.JUnitReportReporter -->
<testsuite hostname="YCSLAP0910" failures="0" tests="1" name="orange_hrm.MainClass" time="30.941" errors="0" timestamp="2024-03-12T16:33:29 IST" skipped="0">
  <testcase classname="orange_hrm.MainClass" name="verify_login" time="30.941"/>
</testsuite> <!-- orange_hrm.MainClass -->
